<?xml version="1.0" encoding="UTF-8"?>
<!-- Generated by org.testng.reporters.JUnitReportReporter -->
<testsuite hostname="DESKTOP-757EIR7" failures="0" tests="10" name="testCasePack.LoginTest" time="89.577" errors="0" timestamp="2024-09-24T16:03:41 IST" skipped="9">
  <testcase classname="testCasePack.LoginTest" name="loginTestPositive" time="89.577"/>
  <system-out/>
  <testcase classname="testCasePack.LoginTest" name="mobileVerifyOTPWithExpiredOTP">
    <skipped/>
  </testcase> <!-- mobileVerifyOTPWithExpiredOTP -->
  <system-out/>
  <testcase classname="testCasePack.LoginTest" name="loginTestVerifyOTPWithExpiredOTP">
    <skipped/>
  </testcase> <!-- loginTestVerifyOTPWithExpiredOTP -->
  <system-out/>
  <testcase classname="testCasePack.LoginTest" name="loginTestVerifyOTPWithInvalidOTP">
    <skipped/>
  </testcase> <!-- loginTestVerifyOTPWithInvalidOTP -->
  <system-out/>
  <testcase classname="testCasePack.LoginTest" name="loginTestVerifyOTPWithNulldataOTP">
    <skipped/>
  </testcase> <!-- loginTestVerifyOTPWithNulldataOTP -->
  <system-out/>
  <testcase classname="testCasePack.LoginTest" name="mobileNumOTPFieldInvalidData">
    <skipped/>
  </testcase> <!-- mobileNumOTPFieldInvalidData -->
  <system-out/>
  <testcase classname="testCasePack.LoginTest" name="mobileNumOTPFieldValidData">
    <skipped/>
  </testcase> <!-- mobileNumOTPFieldValidData -->
  <system-out/>
  <testcase classname="testCasePack.LoginTest" name="mobileNumOTPFieldNullData">
    <skipped/>
  </testcase> <!-- mobileNumOTPFieldNullData -->
  <system-out/>
  <testcase classname="testCasePack.LoginTest" name="loginTestInvalidEmail">
    <skipped/>
  </testcase> <!-- loginTestInvalidEmail -->
  <system-out/>
  <testcase classname="testCasePack.LoginTest" name="loginTestNullEmailTextField">
    <skipped/>
  </testcase> <!-- loginTestNullEmailTextField -->
  <system-out/>
</testsuite> <!-- testCasePack.LoginTest -->
