<?xml version="1.0" encoding="UTF-8"?>
<!-- Generated by org.testng.reporters.JUnitReportReporter -->
<testsuite hostname="DESKTOP-757EIR7" failures="0" tests="6" name="testCasePack.LoginTest" time="30.775" errors="0" timestamp="2024-09-20T16:35:49 IST" skipped="5">
  <testcase classname="testCasePack.LoginTest" name="loginTestVerifyOTPWithNulldataOTP" time="30.775"/>
  <system-out/>
  <testcase classname="testCasePack.LoginTest" name="loginTestVerifyOTPWithExpiredOTP">
    <skipped/>
  </testcase> <!-- loginTestVerifyOTPWithExpiredOTP -->
  <system-out/>
  <testcase classname="testCasePack.LoginTest" name="loginTestVerifyOTPWithInvalidOTP">
    <skipped/>
  </testcase> <!-- loginTestVerifyOTPWithInvalidOTP -->
  <system-out/>
  <testcase classname="testCasePack.LoginTest" name="loginTestPositive">
    <skipped/>
  </testcase> <!-- loginTestPositive -->
  <system-out/>
  <testcase classname="testCasePack.LoginTest" name="loginTestInvalidEmail">
    <skipped/>
  </testcase> <!-- loginTestInvalidEmail -->
  <system-out/>
  <testcase classname="testCasePack.LoginTest" name="loginTestNullEmailTextField">
    <skipped/>
  </testcase> <!-- loginTestNullEmailTextField -->
  <system-out/>
</testsuite> <!-- testCasePack.LoginTest -->
